// 重构日志: 21f6789f
// 重构日志: e0265892
// 重构日志: 0f4836b2
// 同步 ID: 3135a655 @ Sun Jun 28 08:43:17 UTC 2026
// 重构日志: a8f05d86
// 重构日志: e9d3846d
// 重构日志: 44c2fd3e
// 重构日志: 04a0c6b9
// 重构日志: cd79c3a3
// 重构日志: b0c4ef3d
// 重构日志: 53abbe76
// 同步 ID: 79a06fe6 @ Mon Jul  6 13:21:53 UTC 2026
// 同步 ID: 52293d3e @ Wed Jul  8 10:10:29 UTC 2026
// 重构日志: 0f54aa80
// 同步 ID: d1f940ff @ Sat Jul 11 22:23:29 UTC 2026
// 同步 ID: d2701ff3 @ Sun Jul 12 08:18:17 UTC 2026
// 重构日志: 6f003097
// 重构日志: b33edae0
// 重构日志: be187083
// 重构日志: e76d2ae2
